[2021-10-26 10:57:53] [info] Start Program:
Path:"build\\Debug\\rltos_test.exe"
Arguments:
Working directory: not set.
Modules: Selected: * Excluded: 
Sources: Selected: C:\Users\a5126135\Dev\rltos_master\rltos Excluded: C:\Users\a5126135\Dev\cpputest\* test\* rltos\port\* 
Log Level: Normal
Cover Children: 0
Aggregate by file: 1
Continue after C++ exception: 0
Optimized build support: 0
Export: html 
Input coverage: 
Unified diff: 
Excluded line regular expressions: 
Substitute pdb source paths: 
[2021-10-26 10:57:53] [info] Module: C:\Users\a5126135\Dev\rltos_master\rltos\build\Debug\rltos_test.exe is selected because it matches selected pattern: *
[2021-10-26 10:57:53] [info] Module: C:\Windows\System32\ntdll.dll is selected because it matches selected pattern: *
[2021-10-26 10:57:53] [info] Module: C:\Windows\System32\kernel32.dll is selected because it matches selected pattern: *
[2021-10-26 10:57:53] [info] Module: C:\Windows\System32\KernelBase.dll is selected because it matches selected pattern: *
[2021-10-26 10:57:53] [info] Module: C:\Windows\System32\winmm.dll is selected because it matches selected pattern: *
[2021-10-26 10:57:53] [info] Module: C:\Windows\System32\vcruntime140d.dll is selected because it matches selected pattern: *
[2021-10-26 10:57:53] [info] Module: C:\Windows\System32\vcruntime140_1d.dll is selected because it matches selected pattern: *
[2021-10-26 10:57:53] [info] Module: C:\Windows\System32\ucrtbased.dll is selected because it matches selected pattern: *
[2021-10-26 10:57:53] [info] Module: C:\Windows\System32\msvcrt.dll is selected because it matches selected pattern: *
[2021-10-26 10:57:53] [info] Module: C:\Windows\System32\winmmbase.dll is selected because it matches selected pattern: *
[2021-10-26 10:57:53] [info] Module: C:\Windows\System32\winmmbase.dll is selected because it matches selected pattern: *
[2021-10-26 10:57:53] [info] Module: C:\Windows\System32\winmmbase.dll is selected because it matches selected pattern: *
[2021-10-26 10:57:53] [info] Module: C:\Windows\System32\cfgmgr32.dll is selected because it matches selected pattern: *
[2021-10-26 10:57:53] [info] Module: C:\Windows\System32\ucrtbase.dll is selected because it matches selected pattern: *
[2021-10-26 10:57:53] [info] Module: C:\Windows\System32\umppc14304.dll is selected because it matches selected pattern: *
[2021-10-26 10:57:53] [info] Module: C:\Windows\System32\umppc14304.dll is selected because it matches selected pattern: *
[2021-10-26 10:57:53] [warning] ----------------------------------------------------
[2021-10-26 10:57:53] [warning] It seems there is an assertion failure or you call DebugBreak() in your program.
[2021-10-26 10:57:53] [warning] ----------------------------------------------------
[2021-10-26 10:57:53] [info] Module: C:\Windows\System32\kernel.appcore.dll is selected because it matches selected pattern: *
[2021-10-26 10:57:53] [info] Module: C:\Windows\System32\rpcrt4.dll is selected because it matches selected pattern: *
[2021-10-26 10:57:54] [info] ----------------------------------------------------
[2021-10-26 10:57:54] [info] Coverage generated in Folder C:\Users\a5126135\Dev\rltos_master\rltos\CoverageReport-2021-10-26-10h57m53s
[2021-10-26 10:57:54] [info] ----------------------------------------------------
[2021-10-26 10:57:54] [info] The code coverage report is not what you expect? See the FAQ https://github.com/OpenCppCoverage/OpenCppCoverage/wiki/FAQ.
[2021-10-26 10:57:54] [error] Your program stop with error code: -2147483645
